android/app/build/intermediates/manifest_merge_blame_file/debug/processDebugMainManifest/manifest-merger-blame-debug-report.txt
1<?xml version="1.0" encoding="utf-8"?>
2<manifest xmlns:android="http://schemas.android.com/apk/res/android"
3    package="com.Aiacon"
4    android:versionCode="1"
5    android:versionName="1.0.0" >
6
7    <uses-sdk
8        android:minSdkVersion="24"
9        android:targetSdkVersion="36" />
10
11    <uses-permission android:name="android.permission.SYSTEM_ALERT_WINDOW" />
11-->src/main/AndroidManifest.xml:4:3-75
11-->src/main/AndroidManifest.xml:4:20-73
12    <uses-permission android:name="android.permission.INTERNET" />
12-->src/main/AndroidManifest.xml:2:3-64
12-->src/main/AndroidManifest.xml:2:20-62
13    <uses-permission
13-->src/main/AndroidManifest.xml:3:3-142
14        android:name="android.permission.READ_EXTERNAL_STORAGE"
14-->src/main/AndroidManifest.xml:3:20-75
15        android:maxSdkVersion="32" />
15-->src/main/AndroidManifest.xml:3:76-102
16    <uses-permission android:name="android.permission.VIBRATE" />
16-->src/main/AndroidManifest.xml:5:3-63
16-->src/main/AndroidManifest.xml:5:20-61
17    <uses-permission
17-->src/main/AndroidManifest.xml:6:3-143
18        android:name="android.permission.WRITE_EXTERNAL_STORAGE"
18-->src/main/AndroidManifest.xml:6:20-76
19        android:maxSdkVersion="32" />
19-->src/main/AndroidManifest.xml:6:77-103
20
21    <queries>
21-->src/main/AndroidManifest.xml:7:3-13:13
22        <intent>
22-->src/main/AndroidManifest.xml:8:5-12:14
23            <action android:name="android.intent.action.VIEW" />
23-->src/main/AndroidManifest.xml:9:7-58
23-->src/main/AndroidManifest.xml:9:15-56
24
25            <category android:name="android.intent.category.BROWSABLE" />
25-->src/main/AndroidManifest.xml:10:7-67
25-->src/main/AndroidManifest.xml:10:17-65
26
27            <data android:scheme="https" />
27-->src/main/AndroidManifest.xml:11:7-37
27-->src/main/AndroidManifest.xml:11:13-35
28        </intent>
29    </queries>
30
31    <permission
31-->[androidx.core:core:1.13.1] AndroidManifest.xml:22:5-24:47
32        android:name="com.Aiacon.DYNAMIC_RECEIVER_NOT_EXPORTED_PERMISSION"
32-->[androidx.core:core:1.13.1] AndroidManifest.xml:23:9-81
33        android:protectionLevel="signature" />
33-->[androidx.core:core:1.13.1] AndroidManifest.xml:24:9-44
34
35    <uses-permission android:name="com.Aiacon.DYNAMIC_RECEIVER_NOT_EXPORTED_PERMISSION" />
35-->[androidx.core:core:1.13.1] AndroidManifest.xml:26:5-97
35-->[androidx.core:core:1.13.1] AndroidManifest.xml:26:22-94
36
37    <application
37-->src/main/AndroidManifest.xml:14:3-25:17
38        android:name="com.Aiacon.MainApplication"
38-->src/main/AndroidManifest.xml:14:16-47
39        android:allowBackup="true"
39-->src/main/AndroidManifest.xml:14:162-188
40        android:appComponentFactory="androidx.core.app.CoreComponentFactory"
40-->[androidx.core:core:1.13.1] AndroidManifest.xml:28:18-86
41        android:debuggable="true"
42        android:enableOnBackInvokedCallback="false"
42-->src/main/AndroidManifest.xml:14:248-291
43        android:extractNativeLibs="false"
44        android:icon="@mipmap/ic_launcher"
44-->src/main/AndroidManifest.xml:14:81-115
45        android:label="@string/app_name"
45-->src/main/AndroidManifest.xml:14:48-80
46        android:roundIcon="@mipmap/ic_launcher_round"
46-->src/main/AndroidManifest.xml:14:116-161
47        android:supportsRtl="true"
47-->src/main/AndroidManifest.xml:14:221-247
48        android:theme="@style/AppTheme"
48-->src/main/AndroidManifest.xml:14:189-220
49        android:usesCleartextTraffic="true" >
49-->src/debug/AndroidManifest.xml:6:18-53
50        <meta-data
50-->src/main/AndroidManifest.xml:15:5-83
51            android:name="expo.modules.updates.ENABLED"
51-->src/main/AndroidManifest.xml:15:16-59
52            android:value="false" />
52-->src/main/AndroidManifest.xml:15:60-81
53        <meta-data
53-->src/main/AndroidManifest.xml:16:5-102
54            android:name="expo.modules.updates.ENABLE_BSDIFF_PATCH_SUPPORT"
54-->src/main/AndroidManifest.xml:16:16-79
55            android:value="true" />
55-->src/main/AndroidManifest.xml:16:80-100
56        <meta-data
56-->src/main/AndroidManifest.xml:17:5-105
57            android:name="expo.modules.updates.EXPO_UPDATES_CHECK_ON_LAUNCH"
57-->src/main/AndroidManifest.xml:17:16-80
58            android:value="ALWAYS" />
58-->src/main/AndroidManifest.xml:17:81-103
59        <meta-data
59-->src/main/AndroidManifest.xml:18:5-99
60            android:name="expo.modules.updates.EXPO_UPDATES_LAUNCH_WAIT_MS"
60-->src/main/AndroidManifest.xml:18:16-79
61            android:value="0" />
61-->src/main/AndroidManifest.xml:18:80-97
62
63        <activity
63-->src/main/AndroidManifest.xml:19:5-24:16
64            android:name="com.Aiacon.MainActivity"
64-->src/main/AndroidManifest.xml:19:15-43
65            android:configChanges="keyboard|keyboardHidden|orientation|screenSize|screenLayout|uiMode|smallestScreenSize"
65-->src/main/AndroidManifest.xml:19:44-153
66            android:exported="true"
66-->src/main/AndroidManifest.xml:19:275-298
67            android:launchMode="singleTask"
67-->src/main/AndroidManifest.xml:19:154-185
68            android:screenOrientation="portrait"
68-->src/main/AndroidManifest.xml:19:299-335
69            android:theme="@style/Theme.App.SplashScreen"
69-->src/main/AndroidManifest.xml:19:229-274
70            android:windowSoftInputMode="adjustResize" >
70-->src/main/AndroidManifest.xml:19:186-228
71            <intent-filter>
71-->src/main/AndroidManifest.xml:20:7-23:23
72                <action android:name="android.intent.action.MAIN" />
72-->src/main/AndroidManifest.xml:21:9-60
72-->src/main/AndroidManifest.xml:21:17-58
73
74                <category android:name="android.intent.category.LAUNCHER" />
74-->src/main/AndroidManifest.xml:22:9-68
74-->src/main/AndroidManifest.xml:22:19-66
75            </intent-filter>
76        </activity>
77        <activity
77-->[com.facebook.react:react-android:0.85.3] AndroidManifest.xml:19:9-21:40
78            android:name="com.facebook.react.devsupport.DevSettingsActivity"
78-->[com.facebook.react:react-android:0.85.3] AndroidManifest.xml:20:13-77
79            android:exported="false" />
79-->[com.facebook.react:react-android:0.85.3] AndroidManifest.xml:21:13-37
80
81        <provider
81-->[androidx.emoji2:emoji2:1.3.0] AndroidManifest.xml:24:9-32:20
82            android:name="androidx.startup.InitializationProvider"
82-->[androidx.emoji2:emoji2:1.3.0] AndroidManifest.xml:25:13-67
83            android:authorities="com.Aiacon.androidx-startup"
83-->[androidx.emoji2:emoji2:1.3.0] AndroidManifest.xml:26:13-68
84            android:exported="false" >
84-->[androidx.emoji2:emoji2:1.3.0] AndroidManifest.xml:27:13-37
85            <meta-data
85-->[androidx.emoji2:emoji2:1.3.0] AndroidManifest.xml:29:13-31:52
86                android:name="androidx.emoji2.text.EmojiCompatInitializer"
86-->[androidx.emoji2:emoji2:1.3.0] AndroidManifest.xml:30:17-75
87                android:value="androidx.startup" />
87-->[androidx.emoji2:emoji2:1.3.0] AndroidManifest.xml:31:17-49
88            <meta-data
88-->[androidx.lifecycle:lifecycle-process:2.6.2] AndroidManifest.xml:29:13-31:52
89                android:name="androidx.lifecycle.ProcessLifecycleInitializer"
89-->[androidx.lifecycle:lifecycle-process:2.6.2] AndroidManifest.xml:30:17-78
90                android:value="androidx.startup" />
90-->[androidx.lifecycle:lifecycle-process:2.6.2] AndroidManifest.xml:31:17-49
91            <meta-data
91-->[androidx.profileinstaller:profileinstaller:1.3.1] AndroidManifest.xml:29:13-31:52
92                android:name="androidx.profileinstaller.ProfileInstallerInitializer"
92-->[androidx.profileinstaller:profileinstaller:1.3.1] AndroidManifest.xml:30:17-85
93                android:value="androidx.startup" />
93-->[androidx.profileinstaller:profileinstaller:1.3.1] AndroidManifest.xml:31:17-49
94        </provider>
95
96        <receiver
96-->[androidx.profileinstaller:profileinstaller:1.3.1] AndroidManifest.xml:34:9-52:20
97            android:name="androidx.profileinstaller.ProfileInstallReceiver"
97-->[androidx.profileinstaller:profileinstaller:1.3.1] AndroidManifest.xml:35:13-76
98            android:directBootAware="false"
98-->[androidx.profileinstaller:profileinstaller:1.3.1] AndroidManifest.xml:36:13-44
99            android:enabled="true"
99-->[androidx.profileinstaller:profileinstaller:1.3.1] AndroidManifest.xml:37:13-35
100            android:exported="true"
100-->[androidx.profileinstaller:profileinstaller:1.3.1] AndroidManifest.xml:38:13-36
101            android:permission="android.permission.DUMP" >
101-->[androidx.profileinstaller:profileinstaller:1.3.1] AndroidManifest.xml:39:13-57
102            <intent-filter>
102-->[androidx.profileinstaller:profileinstaller:1.3.1] AndroidManifest.xml:40:13-42:29
103                <action android:name="androidx.profileinstaller.action.INSTALL_PROFILE" />
103-->[androidx.profileinstaller:profileinstaller:1.3.1] AndroidManifest.xml:41:17-91
103-->[androidx.profileinstaller:profileinstaller:1.3.1] AndroidManifest.xml:41:25-88
104            </intent-filter>
105            <intent-filter>
105-->[androidx.profileinstaller:profileinstaller:1.3.1] AndroidManifest.xml:43:13-45:29
106                <action android:name="androidx.profileinstaller.action.SKIP_FILE" />
106-->[androidx.profileinstaller:profileinstaller:1.3.1] AndroidManifest.xml:44:17-85
106-->[androidx.profileinstaller:profileinstaller:1.3.1] AndroidManifest.xml:44:25-82
107            </intent-filter>
108            <intent-filter>
108-->[androidx.profileinstaller:profileinstaller:1.3.1] AndroidManifest.xml:46:13-48:29
109                <action android:name="androidx.profileinstaller.action.SAVE_PROFILE" />
109-->[androidx.profileinstaller:profileinstaller:1.3.1] AndroidManifest.xml:47:17-88
109-->[androidx.profileinstaller:profileinstaller:1.3.1] AndroidManifest.xml:47:25-85
110            </intent-filter>
111            <intent-filter>
111-->[androidx.profileinstaller:profileinstaller:1.3.1] AndroidManifest.xml:49:13-51:29
112                <action android:name="androidx.profileinstaller.action.BENCHMARK_OPERATION" />
112-->[androidx.profileinstaller:profileinstaller:1.3.1] AndroidManifest.xml:50:17-95
112-->[androidx.profileinstaller:profileinstaller:1.3.1] AndroidManifest.xml:50:25-92
113            </intent-filter>
114        </receiver>
115
116        <meta-data
116-->[com.facebook.soloader:soloader:0.12.1] AndroidManifest.xml:12:9-14:37
117            android:name="com.facebook.soloader.enabled"
117-->[com.facebook.soloader:soloader:0.12.1] AndroidManifest.xml:13:13-57
118            android:value="false" />
118-->[com.facebook.soloader:soloader:0.12.1] AndroidManifest.xml:14:13-34
119    </application>
120
121</manifest>